<?xml version="1.0" encoding="UTF-8"?>
<!-- Generated by org.testng.reporters.JUnitXMLReporter -->
<testsuite ignored="0" hostname="DESKTOP-ONTGILH" failures="0" tests="4" name="emulator-5556" time="45.407" errors="0" timestamp="2023-03-12T18:04:57 ICT">
  <testcase classname="tests.authentication.LoginTestWithDataBuilder" name="testLogin" time="19.38"/>
  <testcase classname="tests.authentication.LoginTestWithDataBuilder" name="testLogin" time="5.051"/>
  <testcase classname="tests.authentication.LoginTestWithDataBuilder" name="testLogin" time="6.363"/>
  <testcase classname="tests.swipe.SwipeControllerTest" name="testSwipe" time="45.024"/>
</testsuite> <!-- emulator-5556 -->
