<?xml version="1.0" encoding="UTF-8"?>
<!-- Generated by org.testng.reporters.JUnitXMLReporter -->
<testsuite ignored="0" hostname="DESKTOP-ONTGILH" failures="0" tests="3" name="emulator-5554" time="45.042" errors="0" timestamp="2023-03-12T17:53:35 ICT">
  <testcase classname="tests.authentication.LoginTestWithDataBuilder" name="testLogin" time="32.795"/>
  <testcase classname="tests.authentication.LoginTestWithDataBuilder" name="testLogin" time="5.046"/>
  <testcase classname="tests.authentication.LoginTestWithDataBuilder" name="testLogin" time="6.458"/>
</testsuite> <!-- emulator-5554 -->
