<?xml version="1.0" encoding="UTF-8"?>
<!-- Generated by org.testng.reporters.JUnitXMLReporter -->
<testsuite ignored="0" hostname="DESKTOP-ONTGILH" failures="2" tests="4" name="emulator-5554" time="0.182" errors="0" timestamp="2023-03-12T14:25:19 ICT">
  <testcase classname="tests.BaseTest" name="@AfterMethod captureScreenshot" time="0.001">
    <failure type="java.lang.IllegalArgumentException" message="Please provide hub ip address via env variable [hub]!">
      <![CDATA[java.lang.IllegalArgumentException: Please provide hub ip address via env variable [hub]!
at driver.DriverFactory.getDriver(DriverFactory.java:64)
at tests.BaseTest.getDriver(BaseTest.java:35)
at tests.BaseTest.captureScreenshot(BaseTest.java:78)
at java.base/java.util.ArrayList.forEach(ArrayList.java:1541)
at java.base/java.util.concurrent.FutureTask.run(FutureTask.java:264)
at java.base/java.util.concurrent.ThreadPoolExecutor.runWorker(ThreadPoolExecutor.java:1128)
at java.base/java.util.concurrent.ThreadPoolExecutor$Worker.run(ThreadPoolExecutor.java:628)
at java.base/java.lang.Thread.run(Thread.java:829)
... Removed 23 stack frames]]>
    </failure>
  </testcase> <!-- @AfterMethod captureScreenshot -->
  <testcase classname="tests.BaseTest" name="@AfterMethod captureScreenshot" time="-1.678605919518E9">
    <skipped/>
  </testcase> <!-- @AfterMethod captureScreenshot -->
  <testcase classname="tests.BaseTest" name="@AfterMethod captureScreenshot" time="-1.67860591952E9">
    <skipped/>
  </testcase> <!-- @AfterMethod captureScreenshot -->
  <testcase classname="tests.authentication.LoginTestWithDataBuilder" name="testLogin" time="0.033">
    <failure type="java.lang.IllegalArgumentException" message="Please provide hub ip address via env variable [hub]!">
      <![CDATA[java.lang.IllegalArgumentException: Please provide hub ip address via env variable [hub]!
at driver.DriverFactory.getDriver(DriverFactory.java:64)
at tests.BaseTest.getDriver(BaseTest.java:35)
at tests.authentication.LoginTestWithDataBuilder.testLogin(LoginTestWithDataBuilder.java:18)
at java.base/java.util.ArrayList.forEach(ArrayList.java:1541)
at java.base/java.util.concurrent.FutureTask.run(FutureTask.java:264)
at java.base/java.util.concurrent.ThreadPoolExecutor.runWorker(ThreadPoolExecutor.java:1128)
at java.base/java.util.concurrent.ThreadPoolExecutor$Worker.run(ThreadPoolExecutor.java:628)
at java.base/java.lang.Thread.run(Thread.java:829)
... Removed 18 stack frames]]>
    </failure>
  </testcase> <!-- testLogin -->
  <testcase classname="tests.swipe.SwipeControllerTest" name="testSwipe" time="0.071">
    <failure type="java.lang.IllegalArgumentException" message="Please provide hub ip address via env variable [hub]!">
      <![CDATA[java.lang.IllegalArgumentException: Please provide hub ip address via env variable [hub]!
at driver.DriverFactory.getDriver(DriverFactory.java:64)
at tests.BaseTest.getDriver(BaseTest.java:35)
at tests.swipe.SwipeControllerTest.testSwipe(SwipeControllerTest.java:14)
at java.base/java.util.ArrayList.forEach(ArrayList.java:1541)
at java.base/java.util.concurrent.FutureTask.run(FutureTask.java:264)
at java.base/java.util.concurrent.ThreadPoolExecutor.runWorker(ThreadPoolExecutor.java:1128)
at java.base/java.util.concurrent.ThreadPoolExecutor$Worker.run(ThreadPoolExecutor.java:628)
at java.base/java.lang.Thread.run(Thread.java:829)
... Removed 18 stack frames]]>
    </failure>
  </testcase> <!-- testSwipe -->
  <testcase classname="tests.authentication.LoginTestWithDataBuilder" name="testLogin" time="0.0">
    <skipped/>
  </testcase> <!-- testLogin -->
  <testcase classname="tests.authentication.LoginTestWithDataBuilder" name="testLogin" time="0.0">
    <skipped/>
  </testcase> <!-- testLogin -->
</testsuite> <!-- emulator-5554 -->
