<?xml version="1.0" encoding="UTF-8"?>
<testng-results ignored="0" total="1" passed="1" failed="0" skipped="0">
  <reporter-output>
  </reporter-output>
  <suite started-at="2023-03-12T18:04:11 ICT" name="Regression" finished-at="2023-03-12T18:04:57 ICT" duration-ms="45407">
    <groups>
    </groups>
    <test started-at="2023-03-12T18:04:11 ICT" name="emulator-5556" finished-at="2023-03-12T18:04:57 ICT" duration-ms="45407">
      <class name="tests.swipe.SwipeControllerTest">
        <test-method is-config="true" signature="initAppiumSession(java.lang.String, java.lang.String, java.lang.String, java.lang.String)[pri:0, instance:tests.swipe.SwipeControllerTest@57db2b13]" started-at="2023-03-12T18:04:11 ICT" name="initAppiumSession" finished-at="2023-03-12T18:04:11 ICT" duration-ms="19" status="PASS">
          <params>
            <param index="0">
              <value>
                <![CDATA[emulator-5556]]>
              </value>
            </param>
            <param index="1">
              <value>
                <![CDATA[8919]]>
              </value>
            </param>
            <param index="2">
              <value>
                <![CDATA[android]]>
              </value>
            </param>
            <param index="3">
              <value>
                <![CDATA[15.0]]>
              </value>
            </param>
          </params>
          <reporter-output>
          </reporter-output>
        </test-method> <!-- initAppiumSession -->
        <test-method signature="testSwipe()[pri:0, instance:tests.swipe.SwipeControllerTest@57db2b13]" started-at="2023-03-12T18:04:11 ICT" name="testSwipe" finished-at="2023-03-12T18:04:56 ICT" duration-ms="45024" status="PASS">
          <reporter-output>
          </reporter-output>
        </test-method> <!-- testSwipe -->
        <test-method is-config="true" signature="captureScreenshot(org.testng.ITestResult)[pri:0, instance:tests.swipe.SwipeControllerTest@57db2b13]" started-at="2023-03-12T18:04:56 ICT" name="captureScreenshot" description="Capture screenshot if test is failed" finished-at="2023-03-12T18:04:56 ICT" duration-ms="1" status="PASS">
          <params>
            <param index="0">
              <value>
                <![CDATA[[TestResult name=testSwipe status=SUCCESS method=SwipeControllerTest.testSwipe()[pri:0, instance:tests.swipe.SwipeControllerTest@57db2b13] output={null}]]]>
              </value>
            </param>
          </params>
          <reporter-output>
          </reporter-output>
        </test-method> <!-- captureScreenshot -->
        <test-method is-config="true" signature="quitAppiumSession()[pri:0, instance:tests.swipe.SwipeControllerTest@57db2b13]" started-at="2023-03-12T18:04:56 ICT" name="quitAppiumSession" finished-at="2023-03-12T18:04:57 ICT" duration-ms="329" status="PASS">
          <reporter-output>
          </reporter-output>
        </test-method> <!-- quitAppiumSession -->
      </class> <!-- tests.swipe.SwipeControllerTest -->
    </test> <!-- emulator-5556 -->
  </suite> <!-- Regression -->
</testng-results>
